[2023-03-19T12:20:33.064+0000] {taskinstance.py:1165} INFO - Dependencies all met for <TaskInstance: get_stocks_dag.GOOG scheduled__2023-03-18T00:00:00+00:00 [queued]>
[2023-03-19T12:20:33.082+0000] {taskinstance.py:1165} INFO - Dependencies all met for <TaskInstance: get_stocks_dag.GOOG scheduled__2023-03-18T00:00:00+00:00 [queued]>
[2023-03-19T12:20:33.082+0000] {taskinstance.py:1362} INFO - 
--------------------------------------------------------------------------------
[2023-03-19T12:20:33.083+0000] {taskinstance.py:1363} INFO - Starting attempt 1 of 1
[2023-03-19T12:20:33.083+0000] {taskinstance.py:1364} INFO - 
--------------------------------------------------------------------------------
[2023-03-19T12:20:33.102+0000] {taskinstance.py:1383} INFO - Executing <Task(_PythonDecoratedOperator): GOOG> on 2023-03-18 00:00:00+00:00
[2023-03-19T12:20:33.108+0000] {standard_task_runner.py:54} INFO - Started process 21 to run task
[2023-03-19T12:20:33.112+0000] {standard_task_runner.py:82} INFO - Running: ['airflow', 'tasks', 'run', 'get_stocks_dag', 'GOOG', 'scheduled__2023-03-18T00:00:00+00:00', '--job-id', '108', '--raw', '--subdir', 'DAGS_FOLDER/get_stocks_dags.py', '--cfg-path', '/tmp/tmp_6x8w4ep']
[2023-03-19T12:20:33.114+0000] {standard_task_runner.py:83} INFO - Job 108: Subtask GOOG
[2023-03-19T12:20:33.116+0000] {dagbag.py:525} INFO - Filling up the DagBag from /opt/airflow/dags/get_stocks_dags.py
[2023-03-19T12:20:34.724+0000] {logging_mixin.py:117} WARNING - /home/airflow/.local/lib/python3.7/site-packages/airflow/models/dag.py:3425 RemovedInAirflow3Warning: Param `schedule_interval` is deprecated and will be removed in a future release. Please use `schedule` instead.
[2023-03-19T12:20:34.880+0000] {task_command.py:384} INFO - Running <TaskInstance: get_stocks_dag.GOOG scheduled__2023-03-18T00:00:00+00:00 [running]> on host getstocksdaggoog-4ebb8d216a2e457793362c64ee627024
[2023-03-19T12:20:34.989+0000] {taskinstance.py:1592} INFO - Exporting the following env vars:
AIRFLOW_CTX_DAG_OWNER=airflow
AIRFLOW_CTX_DAG_ID=get_stocks_dag
AIRFLOW_CTX_TASK_ID=GOOG
AIRFLOW_CTX_EXECUTION_DATE=2023-03-18T00:00:00+00:00
AIRFLOW_CTX_TRY_NUMBER=1
AIRFLOW_CTX_DAG_RUN_ID=scheduled__2023-03-18T00:00:00+00:00
[2023-03-19T12:20:35.851+0000] {python.py:177} INFO - Done. Returned value was: None
[2023-03-19T12:20:35.862+0000] {taskinstance.py:1406} INFO - Marking task as SUCCESS. dag_id=get_stocks_dag, task_id=GOOG, execution_date=20230318T000000, start_date=20230319T122033, end_date=20230319T122035
[2023-03-19T12:20:35.905+0000] {local_task_job.py:164} INFO - Task exited with return code 0
[2023-03-19T12:20:35.923+0000] {local_task_job.py:273} INFO - 0 downstream tasks scheduled from follow-on schedule check
