[2023-03-19T12:17:39.580+0000] {processor.py:156} INFO - Started process (PID=51) to work on /opt/airflow/dags/get_stocks_dags.py
[2023-03-19T12:17:39.581+0000] {processor.py:758} INFO - Processing file /opt/airflow/dags/get_stocks_dags.py for tasks to queue
[2023-03-19T12:17:39.584+0000] {logging_mixin.py:117} INFO - [2023-03-19T12:17:39.583+0000] {dagbag.py:525} INFO - Filling up the DagBag from /opt/airflow/dags/get_stocks_dags.py
[2023-03-19T12:17:42.278+0000] {logging_mixin.py:117} WARNING - /home/airflow/.local/lib/python3.7/site-packages/airflow/models/dag.py:3425 RemovedInAirflow3Warning: Param `schedule_interval` is deprecated and will be removed in a future release. Please use `schedule` instead.
[2023-03-19T12:17:42.303+0000] {processor.py:768} INFO - DAG(s) dict_keys(['get_crypto_dag']) retrieved from /opt/airflow/dags/get_stocks_dags.py
[2023-03-19T12:17:42.492+0000] {logging_mixin.py:117} INFO - [2023-03-19T12:17:42.492+0000] {manager.py:507} INFO - Created Permission View: can read on DAG:get_crypto_dag
[2023-03-19T12:17:42.501+0000] {logging_mixin.py:117} INFO - [2023-03-19T12:17:42.501+0000] {manager.py:507} INFO - Created Permission View: can edit on DAG:get_crypto_dag
[2023-03-19T12:17:42.509+0000] {logging_mixin.py:117} INFO - [2023-03-19T12:17:42.509+0000] {manager.py:507} INFO - Created Permission View: can delete on DAG:get_crypto_dag
[2023-03-19T12:17:42.510+0000] {logging_mixin.py:117} INFO - [2023-03-19T12:17:42.510+0000] {dag.py:2573} INFO - Sync 1 DAGs
[2023-03-19T12:17:42.522+0000] {logging_mixin.py:117} INFO - [2023-03-19T12:17:42.522+0000] {dag.py:2594} INFO - Creating ORM DAG for get_crypto_dag
[2023-03-19T12:17:42.532+0000] {logging_mixin.py:117} INFO - [2023-03-19T12:17:42.532+0000] {dag.py:3328} INFO - Setting next_dagrun for get_crypto_dag to 2023-03-18T00:00:00+00:00, run_after=2023-03-19T00:00:00+00:00
[2023-03-19T12:17:42.553+0000] {processor.py:178} INFO - Processing /opt/airflow/dags/get_stocks_dags.py took 2.988 seconds
[2023-03-19T12:18:13.283+0000] {processor.py:156} INFO - Started process (PID=61) to work on /opt/airflow/dags/get_stocks_dags.py
[2023-03-19T12:18:13.372+0000] {processor.py:758} INFO - Processing file /opt/airflow/dags/get_stocks_dags.py for tasks to queue
[2023-03-19T12:18:13.375+0000] {logging_mixin.py:117} INFO - [2023-03-19T12:18:13.374+0000] {dagbag.py:525} INFO - Filling up the DagBag from /opt/airflow/dags/get_stocks_dags.py
[2023-03-19T12:18:23.096+0000] {logging_mixin.py:117} WARNING - /home/airflow/.local/lib/python3.7/site-packages/airflow/models/dag.py:3425 RemovedInAirflow3Warning: Param `schedule_interval` is deprecated and will be removed in a future release. Please use `schedule` instead.
[2023-03-19T12:18:23.118+0000] {processor.py:768} INFO - DAG(s) dict_keys(['get_crypto_dag']) retrieved from /opt/airflow/dags/get_stocks_dags.py
[2023-03-19T12:18:23.192+0000] {logging_mixin.py:117} INFO - [2023-03-19T12:18:23.192+0000] {dag.py:2573} INFO - Sync 1 DAGs
[2023-03-19T12:18:23.226+0000] {logging_mixin.py:117} INFO - [2023-03-19T12:18:23.226+0000] {dag.py:3328} INFO - Setting next_dagrun for get_crypto_dag to 2023-03-18T00:00:00+00:00, run_after=2023-03-19T00:00:00+00:00
[2023-03-19T12:18:23.257+0000] {processor.py:178} INFO - Processing /opt/airflow/dags/get_stocks_dags.py took 9.998 seconds
[2023-03-19T12:18:53.466+0000] {processor.py:156} INFO - Started process (PID=85) to work on /opt/airflow/dags/get_stocks_dags.py
[2023-03-19T12:18:53.466+0000] {processor.py:758} INFO - Processing file /opt/airflow/dags/get_stocks_dags.py for tasks to queue
[2023-03-19T12:18:53.467+0000] {logging_mixin.py:117} INFO - [2023-03-19T12:18:53.467+0000] {dagbag.py:525} INFO - Filling up the DagBag from /opt/airflow/dags/get_stocks_dags.py
[2023-03-19T12:18:54.063+0000] {logging_mixin.py:117} WARNING - /home/airflow/.local/lib/python3.7/site-packages/airflow/models/dag.py:3425 RemovedInAirflow3Warning: Param `schedule_interval` is deprecated and will be removed in a future release. Please use `schedule` instead.
[2023-03-19T12:18:54.072+0000] {processor.py:768} INFO - DAG(s) dict_keys(['get_crypto_dag']) retrieved from /opt/airflow/dags/get_stocks_dags.py
[2023-03-19T12:18:54.164+0000] {logging_mixin.py:117} INFO - [2023-03-19T12:18:54.163+0000] {dag.py:2573} INFO - Sync 1 DAGs
[2023-03-19T12:18:54.371+0000] {logging_mixin.py:117} INFO - [2023-03-19T12:18:54.371+0000] {dag.py:3328} INFO - Setting next_dagrun for get_crypto_dag to 2023-03-18T00:00:00+00:00, run_after=2023-03-19T00:00:00+00:00
[2023-03-19T12:18:54.436+0000] {processor.py:178} INFO - Processing /opt/airflow/dags/get_stocks_dags.py took 0.974 seconds
[2023-03-19T12:19:25.255+0000] {processor.py:156} INFO - Started process (PID=108) to work on /opt/airflow/dags/get_stocks_dags.py
[2023-03-19T12:19:25.256+0000] {processor.py:758} INFO - Processing file /opt/airflow/dags/get_stocks_dags.py for tasks to queue
[2023-03-19T12:19:25.257+0000] {logging_mixin.py:117} INFO - [2023-03-19T12:19:25.257+0000] {dagbag.py:525} INFO - Filling up the DagBag from /opt/airflow/dags/get_stocks_dags.py
[2023-03-19T12:19:27.937+0000] {logging_mixin.py:117} WARNING - /home/airflow/.local/lib/python3.7/site-packages/airflow/models/dag.py:3425 RemovedInAirflow3Warning: Param `schedule_interval` is deprecated and will be removed in a future release. Please use `schedule` instead.
[2023-03-19T12:19:27.959+0000] {processor.py:768} INFO - DAG(s) dict_keys(['get_crypto_dag']) retrieved from /opt/airflow/dags/get_stocks_dags.py
[2023-03-19T12:19:28.082+0000] {logging_mixin.py:117} INFO - [2023-03-19T12:19:28.081+0000] {dag.py:2573} INFO - Sync 1 DAGs
[2023-03-19T12:19:28.123+0000] {logging_mixin.py:117} INFO - [2023-03-19T12:19:28.123+0000] {dag.py:3328} INFO - Setting next_dagrun for get_crypto_dag to 2023-03-18T00:00:00+00:00, run_after=2023-03-19T00:00:00+00:00
[2023-03-19T12:19:28.160+0000] {processor.py:178} INFO - Processing /opt/airflow/dags/get_stocks_dags.py took 2.908 seconds
[2023-03-19T12:19:29.251+0000] {processor.py:156} INFO - Started process (PID=116) to work on /opt/airflow/dags/get_stocks_dags.py
[2023-03-19T12:19:29.253+0000] {processor.py:758} INFO - Processing file /opt/airflow/dags/get_stocks_dags.py for tasks to queue
[2023-03-19T12:19:29.255+0000] {logging_mixin.py:117} INFO - [2023-03-19T12:19:29.254+0000] {dagbag.py:525} INFO - Filling up the DagBag from /opt/airflow/dags/get_stocks_dags.py
[2023-03-19T12:19:30.017+0000] {logging_mixin.py:117} INFO - [2023-03-19T12:19:30.006+0000] {dagbag.py:330} ERROR - Failed to import: /opt/airflow/dags/get_stocks_dags.py
Traceback (most recent call last):
  File "/home/airflow/.local/lib/python3.7/site-packages/airflow/models/dagbag.py", line 326, in parse
    loader.exec_module(new_module)
  File "<frozen importlib._bootstrap_external>", line 728, in exec_module
  File "<frozen importlib._bootstrap>", line 219, in _call_with_frames_removed
  File "/opt/airflow/dags/get_stocks_dags.py", line 58, in <module>
    dag = get_crypto_dag()
NameError: name 'get_crypto_dag' is not defined
[2023-03-19T12:19:30.020+0000] {processor.py:770} WARNING - No viable dags retrieved from /opt/airflow/dags/get_stocks_dags.py
[2023-03-19T12:19:30.046+0000] {processor.py:178} INFO - Processing /opt/airflow/dags/get_stocks_dags.py took 0.800 seconds
[2023-03-19T12:19:34.134+0000] {processor.py:156} INFO - Started process (PID=124) to work on /opt/airflow/dags/get_stocks_dags.py
[2023-03-19T12:19:34.135+0000] {processor.py:758} INFO - Processing file /opt/airflow/dags/get_stocks_dags.py for tasks to queue
[2023-03-19T12:19:34.135+0000] {logging_mixin.py:117} INFO - [2023-03-19T12:19:34.135+0000] {dagbag.py:525} INFO - Filling up the DagBag from /opt/airflow/dags/get_stocks_dags.py
[2023-03-19T12:19:34.653+0000] {logging_mixin.py:117} WARNING - /home/airflow/.local/lib/python3.7/site-packages/airflow/models/dag.py:3425 RemovedInAirflow3Warning: Param `schedule_interval` is deprecated and will be removed in a future release. Please use `schedule` instead.
[2023-03-19T12:19:34.666+0000] {processor.py:768} INFO - DAG(s) dict_keys(['get_stocks_dag']) retrieved from /opt/airflow/dags/get_stocks_dags.py
[2023-03-19T12:19:34.777+0000] {logging_mixin.py:117} INFO - [2023-03-19T12:19:34.777+0000] {manager.py:507} INFO - Created Permission View: can read on DAG:get_stocks_dag
[2023-03-19T12:19:34.786+0000] {logging_mixin.py:117} INFO - [2023-03-19T12:19:34.786+0000] {manager.py:507} INFO - Created Permission View: can edit on DAG:get_stocks_dag
[2023-03-19T12:19:34.793+0000] {logging_mixin.py:117} INFO - [2023-03-19T12:19:34.792+0000] {manager.py:507} INFO - Created Permission View: can delete on DAG:get_stocks_dag
[2023-03-19T12:19:34.793+0000] {logging_mixin.py:117} INFO - [2023-03-19T12:19:34.793+0000] {dag.py:2573} INFO - Sync 1 DAGs
[2023-03-19T12:19:34.810+0000] {logging_mixin.py:117} INFO - [2023-03-19T12:19:34.810+0000] {dag.py:2594} INFO - Creating ORM DAG for get_stocks_dag
[2023-03-19T12:19:34.823+0000] {logging_mixin.py:117} INFO - [2023-03-19T12:19:34.823+0000] {dag.py:3328} INFO - Setting next_dagrun for get_stocks_dag to 2023-03-18T00:00:00+00:00, run_after=2023-03-19T00:00:00+00:00
[2023-03-19T12:19:34.850+0000] {processor.py:178} INFO - Processing /opt/airflow/dags/get_stocks_dags.py took 0.718 seconds
[2023-03-19T12:20:05.197+0000] {processor.py:156} INFO - Started process (PID=132) to work on /opt/airflow/dags/get_stocks_dags.py
[2023-03-19T12:20:05.260+0000] {processor.py:758} INFO - Processing file /opt/airflow/dags/get_stocks_dags.py for tasks to queue
[2023-03-19T12:20:05.261+0000] {logging_mixin.py:117} INFO - [2023-03-19T12:20:05.261+0000] {dagbag.py:525} INFO - Filling up the DagBag from /opt/airflow/dags/get_stocks_dags.py
[2023-03-19T12:20:07.804+0000] {logging_mixin.py:117} WARNING - /home/airflow/.local/lib/python3.7/site-packages/airflow/models/dag.py:3425 RemovedInAirflow3Warning: Param `schedule_interval` is deprecated and will be removed in a future release. Please use `schedule` instead.
[2023-03-19T12:20:07.874+0000] {processor.py:768} INFO - DAG(s) dict_keys(['get_stocks_dag']) retrieved from /opt/airflow/dags/get_stocks_dags.py
[2023-03-19T12:20:07.981+0000] {logging_mixin.py:117} INFO - [2023-03-19T12:20:07.980+0000] {dag.py:2573} INFO - Sync 1 DAGs
[2023-03-19T12:20:08.079+0000] {logging_mixin.py:117} INFO - [2023-03-19T12:20:08.079+0000] {dag.py:3328} INFO - Setting next_dagrun for get_stocks_dag to 2023-03-19T00:00:00+00:00, run_after=2023-03-20T00:00:00+00:00
[2023-03-19T12:20:08.264+0000] {processor.py:178} INFO - Processing /opt/airflow/dags/get_stocks_dags.py took 3.076 seconds
[2023-03-19T12:20:39.370+0000] {processor.py:156} INFO - Started process (PID=157) to work on /opt/airflow/dags/get_stocks_dags.py
[2023-03-19T12:20:39.371+0000] {processor.py:758} INFO - Processing file /opt/airflow/dags/get_stocks_dags.py for tasks to queue
[2023-03-19T12:20:39.461+0000] {logging_mixin.py:117} INFO - [2023-03-19T12:20:39.460+0000] {dagbag.py:525} INFO - Filling up the DagBag from /opt/airflow/dags/get_stocks_dags.py
[2023-03-19T12:20:40.711+0000] {logging_mixin.py:117} WARNING - /home/airflow/.local/lib/python3.7/site-packages/airflow/models/dag.py:3425 RemovedInAirflow3Warning: Param `schedule_interval` is deprecated and will be removed in a future release. Please use `schedule` instead.
[2023-03-19T12:20:40.721+0000] {processor.py:768} INFO - DAG(s) dict_keys(['get_stocks_dag']) retrieved from /opt/airflow/dags/get_stocks_dags.py
[2023-03-19T12:20:40.796+0000] {logging_mixin.py:117} INFO - [2023-03-19T12:20:40.796+0000] {dag.py:2573} INFO - Sync 1 DAGs
[2023-03-19T12:20:40.862+0000] {logging_mixin.py:117} INFO - [2023-03-19T12:20:40.862+0000] {dag.py:3328} INFO - Setting next_dagrun for get_stocks_dag to 2023-03-19T00:00:00+00:00, run_after=2023-03-20T00:00:00+00:00
[2023-03-19T12:20:40.883+0000] {processor.py:178} INFO - Processing /opt/airflow/dags/get_stocks_dags.py took 1.602 seconds
[2023-03-19T12:21:11.183+0000] {processor.py:156} INFO - Started process (PID=165) to work on /opt/airflow/dags/get_stocks_dags.py
[2023-03-19T12:21:11.185+0000] {processor.py:758} INFO - Processing file /opt/airflow/dags/get_stocks_dags.py for tasks to queue
[2023-03-19T12:21:11.185+0000] {logging_mixin.py:117} INFO - [2023-03-19T12:21:11.185+0000] {dagbag.py:525} INFO - Filling up the DagBag from /opt/airflow/dags/get_stocks_dags.py
[2023-03-19T12:21:12.075+0000] {logging_mixin.py:117} WARNING - /home/airflow/.local/lib/python3.7/site-packages/airflow/models/dag.py:3425 RemovedInAirflow3Warning: Param `schedule_interval` is deprecated and will be removed in a future release. Please use `schedule` instead.
[2023-03-19T12:21:12.086+0000] {processor.py:768} INFO - DAG(s) dict_keys(['get_stocks_dag']) retrieved from /opt/airflow/dags/get_stocks_dags.py
[2023-03-19T12:21:12.128+0000] {logging_mixin.py:117} INFO - [2023-03-19T12:21:12.127+0000] {dag.py:2573} INFO - Sync 1 DAGs
[2023-03-19T12:21:12.166+0000] {logging_mixin.py:117} INFO - [2023-03-19T12:21:12.166+0000] {dag.py:3328} INFO - Setting next_dagrun for get_stocks_dag to 2023-03-19T00:00:00+00:00, run_after=2023-03-20T00:00:00+00:00
[2023-03-19T12:21:12.197+0000] {processor.py:178} INFO - Processing /opt/airflow/dags/get_stocks_dags.py took 1.017 seconds
[2023-03-19T12:21:42.648+0000] {processor.py:156} INFO - Started process (PID=188) to work on /opt/airflow/dags/get_stocks_dags.py
[2023-03-19T12:21:42.649+0000] {processor.py:758} INFO - Processing file /opt/airflow/dags/get_stocks_dags.py for tasks to queue
[2023-03-19T12:21:42.650+0000] {logging_mixin.py:117} INFO - [2023-03-19T12:21:42.650+0000] {dagbag.py:525} INFO - Filling up the DagBag from /opt/airflow/dags/get_stocks_dags.py
[2023-03-19T12:21:43.205+0000] {logging_mixin.py:117} WARNING - /home/airflow/.local/lib/python3.7/site-packages/airflow/models/dag.py:3425 RemovedInAirflow3Warning: Param `schedule_interval` is deprecated and will be removed in a future release. Please use `schedule` instead.
[2023-03-19T12:21:43.215+0000] {processor.py:768} INFO - DAG(s) dict_keys(['get_stocks_dag']) retrieved from /opt/airflow/dags/get_stocks_dags.py
[2023-03-19T12:21:43.251+0000] {logging_mixin.py:117} INFO - [2023-03-19T12:21:43.250+0000] {dag.py:2573} INFO - Sync 1 DAGs
[2023-03-19T12:21:43.275+0000] {logging_mixin.py:117} INFO - [2023-03-19T12:21:43.275+0000] {dag.py:3328} INFO - Setting next_dagrun for get_stocks_dag to 2023-03-19T00:00:00+00:00, run_after=2023-03-20T00:00:00+00:00
[2023-03-19T12:21:43.298+0000] {processor.py:178} INFO - Processing /opt/airflow/dags/get_stocks_dags.py took 0.652 seconds
[2023-03-19T12:22:13.723+0000] {processor.py:156} INFO - Started process (PID=196) to work on /opt/airflow/dags/get_stocks_dags.py
[2023-03-19T12:22:13.725+0000] {processor.py:758} INFO - Processing file /opt/airflow/dags/get_stocks_dags.py for tasks to queue
[2023-03-19T12:22:13.728+0000] {logging_mixin.py:117} INFO - [2023-03-19T12:22:13.728+0000] {dagbag.py:525} INFO - Filling up the DagBag from /opt/airflow/dags/get_stocks_dags.py
[2023-03-19T12:22:14.273+0000] {logging_mixin.py:117} WARNING - /home/airflow/.local/lib/python3.7/site-packages/airflow/models/dag.py:3425 RemovedInAirflow3Warning: Param `schedule_interval` is deprecated and will be removed in a future release. Please use `schedule` instead.
[2023-03-19T12:22:14.287+0000] {processor.py:768} INFO - DAG(s) dict_keys(['get_stocks_dag']) retrieved from /opt/airflow/dags/get_stocks_dags.py
[2023-03-19T12:22:14.334+0000] {logging_mixin.py:117} INFO - [2023-03-19T12:22:14.334+0000] {dag.py:2573} INFO - Sync 1 DAGs
[2023-03-19T12:22:14.396+0000] {logging_mixin.py:117} INFO - [2023-03-19T12:22:14.396+0000] {dag.py:3328} INFO - Setting next_dagrun for get_stocks_dag to 2023-03-19T00:00:00+00:00, run_after=2023-03-20T00:00:00+00:00
[2023-03-19T12:22:14.428+0000] {processor.py:178} INFO - Processing /opt/airflow/dags/get_stocks_dags.py took 0.708 seconds
[2023-03-19T12:22:29.800+0000] {processor.py:156} INFO - Started process (PID=51) to work on /opt/airflow/dags/get_stocks_dags.py
[2023-03-19T12:22:29.801+0000] {processor.py:758} INFO - Processing file /opt/airflow/dags/get_stocks_dags.py for tasks to queue
[2023-03-19T12:22:29.802+0000] {logging_mixin.py:117} INFO - [2023-03-19T12:22:29.802+0000] {dagbag.py:525} INFO - Filling up the DagBag from /opt/airflow/dags/get_stocks_dags.py
[2023-03-19T12:22:30.813+0000] {logging_mixin.py:117} WARNING - /home/airflow/.local/lib/python3.7/site-packages/airflow/models/dag.py:3425 RemovedInAirflow3Warning: Param `schedule_interval` is deprecated and will be removed in a future release. Please use `schedule` instead.
[2023-03-19T12:22:30.820+0000] {processor.py:768} INFO - DAG(s) dict_keys(['get_stocks_dag']) retrieved from /opt/airflow/dags/get_stocks_dags.py
[2023-03-19T12:22:30.861+0000] {logging_mixin.py:117} INFO - [2023-03-19T12:22:30.860+0000] {dag.py:2573} INFO - Sync 1 DAGs
[2023-03-19T12:22:30.884+0000] {logging_mixin.py:117} INFO - [2023-03-19T12:22:30.884+0000] {dag.py:3328} INFO - Setting next_dagrun for get_stocks_dag to 2023-03-19T00:00:00+00:00, run_after=2023-03-20T00:00:00+00:00
[2023-03-19T12:22:30.903+0000] {processor.py:178} INFO - Processing /opt/airflow/dags/get_stocks_dags.py took 1.108 seconds
[2023-03-19T12:23:01.264+0000] {processor.py:156} INFO - Started process (PID=61) to work on /opt/airflow/dags/get_stocks_dags.py
[2023-03-19T12:23:01.265+0000] {processor.py:758} INFO - Processing file /opt/airflow/dags/get_stocks_dags.py for tasks to queue
[2023-03-19T12:23:01.266+0000] {logging_mixin.py:117} INFO - [2023-03-19T12:23:01.266+0000] {dagbag.py:525} INFO - Filling up the DagBag from /opt/airflow/dags/get_stocks_dags.py
[2023-03-19T12:23:02.094+0000] {logging_mixin.py:117} WARNING - /home/airflow/.local/lib/python3.7/site-packages/airflow/models/dag.py:3425 RemovedInAirflow3Warning: Param `schedule_interval` is deprecated and will be removed in a future release. Please use `schedule` instead.
[2023-03-19T12:23:02.104+0000] {processor.py:768} INFO - DAG(s) dict_keys(['get_stocks_dag']) retrieved from /opt/airflow/dags/get_stocks_dags.py
[2023-03-19T12:23:02.144+0000] {logging_mixin.py:117} INFO - [2023-03-19T12:23:02.144+0000] {dag.py:2573} INFO - Sync 1 DAGs
[2023-03-19T12:23:02.167+0000] {logging_mixin.py:117} INFO - [2023-03-19T12:23:02.166+0000] {dag.py:3328} INFO - Setting next_dagrun for get_stocks_dag to 2023-03-19T00:00:00+00:00, run_after=2023-03-20T00:00:00+00:00
[2023-03-19T12:23:02.186+0000] {processor.py:178} INFO - Processing /opt/airflow/dags/get_stocks_dags.py took 0.926 seconds
[2023-03-19T12:23:33.216+0000] {processor.py:156} INFO - Started process (PID=84) to work on /opt/airflow/dags/get_stocks_dags.py
[2023-03-19T12:23:33.217+0000] {processor.py:758} INFO - Processing file /opt/airflow/dags/get_stocks_dags.py for tasks to queue
[2023-03-19T12:23:33.217+0000] {logging_mixin.py:117} INFO - [2023-03-19T12:23:33.217+0000] {dagbag.py:525} INFO - Filling up the DagBag from /opt/airflow/dags/get_stocks_dags.py
[2023-03-19T12:23:33.886+0000] {logging_mixin.py:117} WARNING - /home/airflow/.local/lib/python3.7/site-packages/airflow/models/dag.py:3425 RemovedInAirflow3Warning: Param `schedule_interval` is deprecated and will be removed in a future release. Please use `schedule` instead.
[2023-03-19T12:23:34.182+0000] {processor.py:768} INFO - DAG(s) dict_keys(['get_stocks_dag']) retrieved from /opt/airflow/dags/get_stocks_dags.py
[2023-03-19T12:23:35.381+0000] {logging_mixin.py:117} INFO - [2023-03-19T12:23:35.379+0000] {dag.py:2573} INFO - Sync 1 DAGs
[2023-03-19T12:23:35.611+0000] {logging_mixin.py:117} INFO - [2023-03-19T12:23:35.611+0000] {dag.py:3328} INFO - Setting next_dagrun for get_stocks_dag to 2023-03-19T00:00:00+00:00, run_after=2023-03-20T00:00:00+00:00
[2023-03-19T12:23:35.646+0000] {processor.py:178} INFO - Processing /opt/airflow/dags/get_stocks_dags.py took 2.432 seconds
[2023-03-19T12:24:05.845+0000] {processor.py:156} INFO - Started process (PID=92) to work on /opt/airflow/dags/get_stocks_dags.py
[2023-03-19T12:24:05.846+0000] {processor.py:758} INFO - Processing file /opt/airflow/dags/get_stocks_dags.py for tasks to queue
[2023-03-19T12:24:05.847+0000] {logging_mixin.py:117} INFO - [2023-03-19T12:24:05.847+0000] {dagbag.py:525} INFO - Filling up the DagBag from /opt/airflow/dags/get_stocks_dags.py
[2023-03-19T12:24:07.442+0000] {logging_mixin.py:117} WARNING - /home/airflow/.local/lib/python3.7/site-packages/airflow/models/dag.py:3425 RemovedInAirflow3Warning: Param `schedule_interval` is deprecated and will be removed in a future release. Please use `schedule` instead.
[2023-03-19T12:24:07.450+0000] {processor.py:768} INFO - DAG(s) dict_keys(['get_stocks_dag']) retrieved from /opt/airflow/dags/get_stocks_dags.py
[2023-03-19T12:24:07.488+0000] {logging_mixin.py:117} INFO - [2023-03-19T12:24:07.488+0000] {dag.py:2573} INFO - Sync 1 DAGs
[2023-03-19T12:24:07.512+0000] {logging_mixin.py:117} INFO - [2023-03-19T12:24:07.511+0000] {dag.py:3328} INFO - Setting next_dagrun for get_stocks_dag to 2023-03-19T00:00:00+00:00, run_after=2023-03-20T00:00:00+00:00
[2023-03-19T12:24:07.532+0000] {processor.py:178} INFO - Processing /opt/airflow/dags/get_stocks_dags.py took 1.696 seconds
[2023-03-19T12:24:41.686+0000] {processor.py:156} INFO - Started process (PID=116) to work on /opt/airflow/dags/get_stocks_dags.py
[2023-03-19T12:24:41.764+0000] {processor.py:758} INFO - Processing file /opt/airflow/dags/get_stocks_dags.py for tasks to queue
[2023-03-19T12:24:41.883+0000] {logging_mixin.py:117} INFO - [2023-03-19T12:24:41.788+0000] {dagbag.py:525} INFO - Filling up the DagBag from /opt/airflow/dags/get_stocks_dags.py
[2023-03-19T12:24:44.528+0000] {logging_mixin.py:117} WARNING - /home/airflow/.local/lib/python3.7/site-packages/airflow/models/dag.py:3425 RemovedInAirflow3Warning: Param `schedule_interval` is deprecated and will be removed in a future release. Please use `schedule` instead.
[2023-03-19T12:24:44.539+0000] {processor.py:768} INFO - DAG(s) dict_keys(['get_stocks_dag']) retrieved from /opt/airflow/dags/get_stocks_dags.py
[2023-03-19T12:24:44.595+0000] {logging_mixin.py:117} INFO - [2023-03-19T12:24:44.595+0000] {dag.py:2573} INFO - Sync 1 DAGs
[2023-03-19T12:24:44.626+0000] {logging_mixin.py:117} INFO - [2023-03-19T12:24:44.626+0000] {dag.py:3328} INFO - Setting next_dagrun for get_stocks_dag to 2023-03-19T00:00:00+00:00, run_after=2023-03-20T00:00:00+00:00
[2023-03-19T12:24:44.684+0000] {processor.py:178} INFO - Processing /opt/airflow/dags/get_stocks_dags.py took 3.012 seconds
[2023-03-19T12:25:15.367+0000] {processor.py:156} INFO - Started process (PID=124) to work on /opt/airflow/dags/get_stocks_dags.py
[2023-03-19T12:25:15.367+0000] {processor.py:758} INFO - Processing file /opt/airflow/dags/get_stocks_dags.py for tasks to queue
[2023-03-19T12:25:15.368+0000] {logging_mixin.py:117} INFO - [2023-03-19T12:25:15.368+0000] {dagbag.py:525} INFO - Filling up the DagBag from /opt/airflow/dags/get_stocks_dags.py
[2023-03-19T12:25:15.793+0000] {logging_mixin.py:117} WARNING - /home/airflow/.local/lib/python3.7/site-packages/airflow/models/dag.py:3425 RemovedInAirflow3Warning: Param `schedule_interval` is deprecated and will be removed in a future release. Please use `schedule` instead.
[2023-03-19T12:25:15.804+0000] {processor.py:768} INFO - DAG(s) dict_keys(['get_stocks_dag']) retrieved from /opt/airflow/dags/get_stocks_dags.py
[2023-03-19T12:25:15.845+0000] {logging_mixin.py:117} INFO - [2023-03-19T12:25:15.845+0000] {dag.py:2573} INFO - Sync 1 DAGs
[2023-03-19T12:25:15.868+0000] {logging_mixin.py:117} INFO - [2023-03-19T12:25:15.867+0000] {dag.py:3328} INFO - Setting next_dagrun for get_stocks_dag to 2023-03-19T00:00:00+00:00, run_after=2023-03-20T00:00:00+00:00
[2023-03-19T12:25:15.890+0000] {processor.py:178} INFO - Processing /opt/airflow/dags/get_stocks_dags.py took 0.526 seconds
[2023-03-19T12:25:45.937+0000] {processor.py:156} INFO - Started process (PID=147) to work on /opt/airflow/dags/get_stocks_dags.py
[2023-03-19T12:25:45.938+0000] {processor.py:758} INFO - Processing file /opt/airflow/dags/get_stocks_dags.py for tasks to queue
[2023-03-19T12:25:45.939+0000] {logging_mixin.py:117} INFO - [2023-03-19T12:25:45.938+0000] {dagbag.py:525} INFO - Filling up the DagBag from /opt/airflow/dags/get_stocks_dags.py
[2023-03-19T12:25:46.373+0000] {logging_mixin.py:117} WARNING - /home/airflow/.local/lib/python3.7/site-packages/airflow/models/dag.py:3425 RemovedInAirflow3Warning: Param `schedule_interval` is deprecated and will be removed in a future release. Please use `schedule` instead.
[2023-03-19T12:25:46.387+0000] {processor.py:768} INFO - DAG(s) dict_keys(['get_stocks_dag']) retrieved from /opt/airflow/dags/get_stocks_dags.py
[2023-03-19T12:25:46.437+0000] {logging_mixin.py:117} INFO - [2023-03-19T12:25:46.437+0000] {dag.py:2573} INFO - Sync 1 DAGs
[2023-03-19T12:25:46.470+0000] {logging_mixin.py:117} INFO - [2023-03-19T12:25:46.470+0000] {dag.py:3328} INFO - Setting next_dagrun for get_stocks_dag to 2023-03-19T00:00:00+00:00, run_after=2023-03-20T00:00:00+00:00
[2023-03-19T12:25:46.500+0000] {processor.py:178} INFO - Processing /opt/airflow/dags/get_stocks_dags.py took 0.566 seconds
[2023-03-19T12:26:16.840+0000] {processor.py:156} INFO - Started process (PID=155) to work on /opt/airflow/dags/get_stocks_dags.py
[2023-03-19T12:26:16.841+0000] {processor.py:758} INFO - Processing file /opt/airflow/dags/get_stocks_dags.py for tasks to queue
[2023-03-19T12:26:16.842+0000] {logging_mixin.py:117} INFO - [2023-03-19T12:26:16.842+0000] {dagbag.py:525} INFO - Filling up the DagBag from /opt/airflow/dags/get_stocks_dags.py
[2023-03-19T12:26:17.192+0000] {logging_mixin.py:117} WARNING - /home/airflow/.local/lib/python3.7/site-packages/airflow/models/dag.py:3425 RemovedInAirflow3Warning: Param `schedule_interval` is deprecated and will be removed in a future release. Please use `schedule` instead.
[2023-03-19T12:26:17.200+0000] {processor.py:768} INFO - DAG(s) dict_keys(['get_stocks_dag']) retrieved from /opt/airflow/dags/get_stocks_dags.py
[2023-03-19T12:26:17.231+0000] {logging_mixin.py:117} INFO - [2023-03-19T12:26:17.230+0000] {dag.py:2573} INFO - Sync 1 DAGs
[2023-03-19T12:26:17.253+0000] {logging_mixin.py:117} INFO - [2023-03-19T12:26:17.253+0000] {dag.py:3328} INFO - Setting next_dagrun for get_stocks_dag to 2023-03-19T00:00:00+00:00, run_after=2023-03-20T00:00:00+00:00
[2023-03-19T12:26:17.274+0000] {processor.py:178} INFO - Processing /opt/airflow/dags/get_stocks_dags.py took 0.437 seconds
[2023-03-19T12:26:47.671+0000] {processor.py:156} INFO - Started process (PID=178) to work on /opt/airflow/dags/get_stocks_dags.py
[2023-03-19T12:26:47.672+0000] {processor.py:758} INFO - Processing file /opt/airflow/dags/get_stocks_dags.py for tasks to queue
[2023-03-19T12:26:47.673+0000] {logging_mixin.py:117} INFO - [2023-03-19T12:26:47.672+0000] {dagbag.py:525} INFO - Filling up the DagBag from /opt/airflow/dags/get_stocks_dags.py
[2023-03-19T12:26:48.120+0000] {logging_mixin.py:117} WARNING - /home/airflow/.local/lib/python3.7/site-packages/airflow/models/dag.py:3425 RemovedInAirflow3Warning: Param `schedule_interval` is deprecated and will be removed in a future release. Please use `schedule` instead.
[2023-03-19T12:26:48.130+0000] {processor.py:768} INFO - DAG(s) dict_keys(['get_stocks_dag']) retrieved from /opt/airflow/dags/get_stocks_dags.py
[2023-03-19T12:26:48.163+0000] {logging_mixin.py:117} INFO - [2023-03-19T12:26:48.162+0000] {dag.py:2573} INFO - Sync 1 DAGs
[2023-03-19T12:26:48.185+0000] {logging_mixin.py:117} INFO - [2023-03-19T12:26:48.185+0000] {dag.py:3328} INFO - Setting next_dagrun for get_stocks_dag to 2023-03-19T00:00:00+00:00, run_after=2023-03-20T00:00:00+00:00
[2023-03-19T12:26:48.205+0000] {processor.py:178} INFO - Processing /opt/airflow/dags/get_stocks_dags.py took 0.538 seconds
