[2023-03-18T14:26:23.042+0000] {manager.py:483} INFO - Processing files using up to 2 processes at a time 
[2023-03-18T14:26:23.042+0000] {manager.py:484} INFO - Process each file at most once every 30 seconds
[2023-03-18T14:26:23.043+0000] {manager.py:486} INFO - Checking for new files in /opt/airflow/dags every 300 seconds
[2023-03-18T14:26:23.044+0000] {manager.py:724} INFO - Searching for files in /opt/airflow/dags
[2023-03-18T14:26:23.053+0000] {manager.py:727} INFO - There are 0 files in /opt/airflow/dags
[2023-03-18T14:31:02.482+0000] {manager.py:465} INFO - Exiting gracefully upon receiving signal 15
[2023-03-18T14:31:13.429+0000] {manager.py:483} INFO - Processing files using up to 2 processes at a time 
[2023-03-18T14:31:13.436+0000] {manager.py:484} INFO - Process each file at most once every 30 seconds
[2023-03-18T14:31:13.437+0000] {manager.py:486} INFO - Checking for new files in /opt/airflow/dags every 300 seconds
[2023-03-18T14:31:13.437+0000] {manager.py:724} INFO - Searching for files in /opt/airflow/dags
[2023-03-18T14:31:13.441+0000] {manager.py:727} INFO - There are 0 files in /opt/airflow/dags
[2023-03-19T12:17:39.283+0000] {manager.py:483} INFO - Processing files using up to 2 processes at a time 
[2023-03-19T12:17:39.285+0000] {manager.py:484} INFO - Process each file at most once every 30 seconds
[2023-03-19T12:17:39.285+0000] {manager.py:486} INFO - Checking for new files in /opt/airflow/dags every 300 seconds
[2023-03-19T12:17:39.285+0000] {manager.py:724} INFO - Searching for files in /opt/airflow/dags
[2023-03-19T12:17:39.299+0000] {manager.py:727} INFO - There are 1 files in /opt/airflow/dags
[2023-03-19T12:17:39.599+0000] {manager.py:846} INFO - 
================================================================================
DAG File Processing Stats

File Path                               PID  Runtime      # DAGs    # Errors  Last Runtime    Last Run
------------------------------------  -----  ---------  --------  ----------  --------------  ----------
/opt/airflow/dags/get_stocks_dags.py     51  0.18s             0           0
================================================================================
[2023-03-19T12:18:09.665+0000] {manager.py:846} INFO - 
================================================================================
DAG File Processing Stats

File Path                             PID    Runtime      # DAGs    # Errors  Last Runtime    Last Run
------------------------------------  -----  ---------  --------  ----------  --------------  -------------------
/opt/airflow/dags/get_stocks_dags.py                           1           0  3.16s           2023-03-19T12:17:42
================================================================================
[2023-03-19T12:18:39.761+0000] {manager.py:846} INFO - 
================================================================================
DAG File Processing Stats

File Path                             PID    Runtime      # DAGs    # Errors  Last Runtime    Last Run
------------------------------------  -----  ---------  --------  ----------  --------------  -------------------
/opt/airflow/dags/get_stocks_dags.py                           1           0  10.69s          2023-03-19T12:18:23
================================================================================
[2023-03-19T12:19:09.822+0000] {manager.py:846} INFO - 
================================================================================
DAG File Processing Stats

File Path                             PID    Runtime      # DAGs    # Errors  Last Runtime    Last Run
------------------------------------  -----  ---------  --------  ----------  --------------  -------------------
/opt/airflow/dags/get_stocks_dags.py                           1           0  1.03s           2023-03-19T12:18:54
================================================================================
[2023-03-19T12:19:39.973+0000] {manager.py:846} INFO - 
================================================================================
DAG File Processing Stats

File Path                             PID    Runtime      # DAGs    # Errors  Last Runtime    Last Run
------------------------------------  -----  ---------  --------  ----------  --------------  -------------------
/opt/airflow/dags/get_stocks_dags.py                           1           0  0.75s           2023-03-19T12:19:34
================================================================================
[2023-03-19T12:20:10.292+0000] {manager.py:846} INFO - 
================================================================================
DAG File Processing Stats

File Path                             PID    Runtime      # DAGs    # Errors  Last Runtime    Last Run
------------------------------------  -----  ---------  --------  ----------  --------------  -------------------
/opt/airflow/dags/get_stocks_dags.py                           1           0  3.21s           2023-03-19T12:20:08
================================================================================
[2023-03-19T12:20:40.390+0000] {manager.py:846} INFO - 
================================================================================
DAG File Processing Stats

File Path                               PID  Runtime      # DAGs    # Errors  Last Runtime    Last Run
------------------------------------  -----  ---------  --------  ----------  --------------  -------------------
/opt/airflow/dags/get_stocks_dags.py    157  1.31s             1           0  3.21s           2023-03-19T12:20:08
================================================================================
[2023-03-19T12:21:10.838+0000] {manager.py:846} INFO - 
================================================================================
DAG File Processing Stats

File Path                             PID    Runtime      # DAGs    # Errors  Last Runtime    Last Run
------------------------------------  -----  ---------  --------  ----------  --------------  -------------------
/opt/airflow/dags/get_stocks_dags.py                           1           0  1.82s           2023-03-19T12:20:40
================================================================================
[2023-03-19T12:21:41.612+0000] {manager.py:846} INFO - 
================================================================================
DAG File Processing Stats

File Path                             PID    Runtime      # DAGs    # Errors  Last Runtime    Last Run
------------------------------------  -----  ---------  --------  ----------  --------------  -------------------
/opt/airflow/dags/get_stocks_dags.py                           1           0  1.07s           2023-03-19T12:21:12
================================================================================
[2023-03-19T12:22:11.675+0000] {manager.py:846} INFO - 
================================================================================
DAG File Processing Stats

File Path                             PID    Runtime      # DAGs    # Errors  Last Runtime    Last Run
------------------------------------  -----  ---------  --------  ----------  --------------  -------------------
/opt/airflow/dags/get_stocks_dags.py                           1           0  0.70s           2023-03-19T12:21:43
================================================================================
[2023-03-19T12:22:20.315+0000] {manager.py:465} INFO - Exiting gracefully upon receiving signal 15
[2023-03-19T12:22:29.670+0000] {manager.py:483} INFO - Processing files using up to 2 processes at a time 
[2023-03-19T12:22:29.670+0000] {manager.py:484} INFO - Process each file at most once every 30 seconds
[2023-03-19T12:22:29.671+0000] {manager.py:486} INFO - Checking for new files in /opt/airflow/dags every 300 seconds
[2023-03-19T12:22:29.672+0000] {manager.py:724} INFO - Searching for files in /opt/airflow/dags
[2023-03-19T12:22:29.721+0000] {manager.py:727} INFO - There are 1 files in /opt/airflow/dags
[2023-03-19T12:22:29.801+0000] {manager.py:846} INFO - 
================================================================================
DAG File Processing Stats

File Path                               PID  Runtime      # DAGs    # Errors  Last Runtime    Last Run
------------------------------------  -----  ---------  --------  ----------  --------------  ----------
/opt/airflow/dags/get_stocks_dags.py     51  0.04s             0           0
================================================================================
[2023-03-19T12:23:00.225+0000] {manager.py:846} INFO - 
================================================================================
DAG File Processing Stats

File Path                             PID    Runtime      # DAGs    # Errors  Last Runtime    Last Run
------------------------------------  -----  ---------  --------  ----------  --------------  -------------------
/opt/airflow/dags/get_stocks_dags.py                           1           0  1.15s           2023-03-19T12:22:30
================================================================================
[2023-03-19T12:23:31.166+0000] {manager.py:846} INFO - 
================================================================================
DAG File Processing Stats

File Path                             PID    Runtime      # DAGs    # Errors  Last Runtime    Last Run
------------------------------------  -----  ---------  --------  ----------  --------------  -------------------
/opt/airflow/dags/get_stocks_dags.py                           1           0  0.96s           2023-03-19T12:23:02
================================================================================
[2023-03-19T12:24:01.775+0000] {manager.py:846} INFO - 
================================================================================
DAG File Processing Stats

File Path                             PID    Runtime      # DAGs    # Errors  Last Runtime    Last Run
------------------------------------  -----  ---------  --------  ----------  --------------  -------------------
/opt/airflow/dags/get_stocks_dags.py                           1           0  2.50s           2023-03-19T12:23:35
================================================================================
[2023-03-19T12:24:31.807+0000] {manager.py:846} INFO - 
================================================================================
DAG File Processing Stats

File Path                             PID    Runtime      # DAGs    # Errors  Last Runtime    Last Run
------------------------------------  -----  ---------  --------  ----------  --------------  -------------------
/opt/airflow/dags/get_stocks_dags.py                           1           0  1.74s           2023-03-19T12:24:07
================================================================================
[2023-03-19T12:25:02.120+0000] {manager.py:846} INFO - 
================================================================================
DAG File Processing Stats

File Path                             PID    Runtime      # DAGs    # Errors  Last Runtime    Last Run
------------------------------------  -----  ---------  --------  ----------  --------------  -------------------
/opt/airflow/dags/get_stocks_dags.py                           1           0  7.05s           2023-03-19T12:24:44
================================================================================
[2023-03-19T12:25:32.310+0000] {manager.py:846} INFO - 
================================================================================
DAG File Processing Stats

File Path                             PID    Runtime      # DAGs    # Errors  Last Runtime    Last Run
------------------------------------  -----  ---------  --------  ----------  --------------  -------------------
/opt/airflow/dags/get_stocks_dags.py                           1           0  0.56s           2023-03-19T12:25:15
================================================================================
[2023-03-19T12:26:02.687+0000] {manager.py:846} INFO - 
================================================================================
DAG File Processing Stats

File Path                             PID    Runtime      # DAGs    # Errors  Last Runtime    Last Run
------------------------------------  -----  ---------  --------  ----------  --------------  -------------------
/opt/airflow/dags/get_stocks_dags.py                           1           0  0.61s           2023-03-19T12:25:46
================================================================================
[2023-03-19T12:26:33.423+0000] {manager.py:846} INFO - 
================================================================================
DAG File Processing Stats

File Path                             PID    Runtime      # DAGs    # Errors  Last Runtime    Last Run
------------------------------------  -----  ---------  --------  ----------  --------------  -------------------
/opt/airflow/dags/get_stocks_dags.py                           1           0  0.48s           2023-03-19T12:26:17
================================================================================
