[2023-03-19T12:20:21.167+0000] {taskinstance.py:1165} INFO - Dependencies all met for <TaskInstance: get_stocks_dag.AAPL scheduled__2023-03-18T00:00:00+00:00 [queued]>
[2023-03-19T12:20:21.182+0000] {taskinstance.py:1159} INFO - Dependencies not met for <TaskInstance: get_stocks_dag.AAPL scheduled__2023-03-18T00:00:00+00:00 [queued]>, dependency 'Pool Slots Available' FAILED: Not scheduling since there are 0 open slots in pool default_pool and require 1 pool slots
[2023-03-19T12:20:21.186+0000] {taskinstance.py:1347} WARNING - 
--------------------------------------------------------------------------------
[2023-03-19T12:20:21.187+0000] {taskinstance.py:1353} WARNING - Rescheduling due to concurrency limits reached at task runtime. Attempt 1 of 1. State set to NONE.
[2023-03-19T12:20:21.188+0000] {taskinstance.py:1355} WARNING - 
--------------------------------------------------------------------------------
[2023-03-19T12:20:21.271+0000] {local_task_job.py:103} INFO - Task is not able to be run
[2023-03-19T12:20:42.347+0000] {taskinstance.py:1165} INFO - Dependencies all met for <TaskInstance: get_stocks_dag.AAPL scheduled__2023-03-18T00:00:00+00:00 [queued]>
[2023-03-19T12:20:42.355+0000] {taskinstance.py:1165} INFO - Dependencies all met for <TaskInstance: get_stocks_dag.AAPL scheduled__2023-03-18T00:00:00+00:00 [queued]>
[2023-03-19T12:20:42.356+0000] {taskinstance.py:1362} INFO - 
--------------------------------------------------------------------------------
[2023-03-19T12:20:42.356+0000] {taskinstance.py:1363} INFO - Starting attempt 1 of 1
[2023-03-19T12:20:42.357+0000] {taskinstance.py:1364} INFO - 
--------------------------------------------------------------------------------
[2023-03-19T12:20:42.368+0000] {taskinstance.py:1383} INFO - Executing <Task(_PythonDecoratedOperator): AAPL> on 2023-03-18 00:00:00+00:00
[2023-03-19T12:20:42.372+0000] {standard_task_runner.py:54} INFO - Started process 21 to run task
[2023-03-19T12:20:42.376+0000] {standard_task_runner.py:82} INFO - Running: ['airflow', 'tasks', 'run', 'get_stocks_dag', 'AAPL', 'scheduled__2023-03-18T00:00:00+00:00', '--job-id', '109', '--raw', '--subdir', 'DAGS_FOLDER/get_stocks_dags.py', '--cfg-path', '/tmp/tmp7ksmtbaq']
[2023-03-19T12:20:42.377+0000] {standard_task_runner.py:83} INFO - Job 109: Subtask AAPL
[2023-03-19T12:20:42.378+0000] {dagbag.py:525} INFO - Filling up the DagBag from /opt/airflow/dags/get_stocks_dags.py
[2023-03-19T12:20:43.521+0000] {logging_mixin.py:117} WARNING - /home/airflow/.local/lib/python3.7/site-packages/airflow/models/dag.py:3425 RemovedInAirflow3Warning: Param `schedule_interval` is deprecated and will be removed in a future release. Please use `schedule` instead.
[2023-03-19T12:20:43.589+0000] {task_command.py:384} INFO - Running <TaskInstance: get_stocks_dag.AAPL scheduled__2023-03-18T00:00:00+00:00 [running]> on host getstocksdagaapl-02fd973d423d440eb59b169308bbe59e
[2023-03-19T12:20:43.681+0000] {taskinstance.py:1592} INFO - Exporting the following env vars:
AIRFLOW_CTX_DAG_OWNER=airflow
AIRFLOW_CTX_DAG_ID=get_stocks_dag
AIRFLOW_CTX_TASK_ID=AAPL
AIRFLOW_CTX_EXECUTION_DATE=2023-03-18T00:00:00+00:00
AIRFLOW_CTX_TRY_NUMBER=1
AIRFLOW_CTX_DAG_RUN_ID=scheduled__2023-03-18T00:00:00+00:00
[2023-03-19T12:24:52.062+0000] {local_task_job.py:228} WARNING - State of this instance has been externally set to success. Terminating instance.
[2023-03-19T12:24:52.075+0000] {process_utils.py:133} INFO - Sending Signals.SIGTERM to group 21. PIDs of all processes in the group: [21]
[2023-03-19T12:24:52.076+0000] {process_utils.py:84} INFO - Sending the signal Signals.SIGTERM to group 21
[2023-03-19T12:24:52.081+0000] {taskinstance.py:1562} ERROR - Received SIGTERM. Terminating subprocesses.
[2023-03-19T12:24:52.140+0000] {logging_mixin.py:117} INFO - - AAPL: No data found for this date range, symbol may be delisted
[2023-03-19T12:24:52.165+0000] {python.py:177} INFO - Done. Returned value was: None
[2023-03-19T12:24:52.228+0000] {taskinstance.py:1406} INFO - Marking task as SUCCESS. dag_id=get_stocks_dag, task_id=AAPL, execution_date=20230318T000000, start_date=20230319T122042, end_date=20230319T122452
[2023-03-19T12:24:52.290+0000] {process_utils.py:79} INFO - Process psutil.Process(pid=21, status='terminated', exitcode=0, started='12:20:41') (21) terminated with exit code 0
